17:45:28.858 INFO - Selenium build info: version: '3.3.1', revision: '5234b32'
17:45:28.861 INFO - Launching a standalone Selenium Server
2017-03-31 17:45:28.925:INFO::main: Logging initialized @888ms to org.seleniumhq.jetty9.util.log.StdErrLog
17:45:29.139 INFO - Driver provider org.openqa.selenium.ie.InternetExplorerDriver registration is skipped:
 registration capabilities Capabilities [{ensureCleanSession=true, browserName=internet explorer, version=, platform=WINDOWS}] does not match the current platform LINUX
17:45:29.140 INFO - Driver provider org.openqa.selenium.edge.EdgeDriver registration is skipped:
 registration capabilities Capabilities [{browserName=MicrosoftEdge, version=, platform=WINDOWS}] does not match the current platform LINUX
17:45:29.141 INFO - Driver class not found: com.opera.core.systems.OperaDriver
17:45:29.142 INFO - Driver provider com.opera.core.systems.OperaDriver registration is skipped:
Unable to create new instances on this machine.
17:45:29.142 INFO - Driver class not found: com.opera.core.systems.OperaDriver
17:45:29.143 INFO - Driver provider com.opera.core.systems.OperaDriver is not registered
17:45:29.147 INFO - Driver provider org.openqa.selenium.safari.SafariDriver registration is skipped:
 registration capabilities Capabilities [{browserName=safari, version=, platform=MAC}] does not match the current platform LINUX
2017-03-31 17:45:29.299:INFO:osjs.Server:main: jetty-9.2.20.v20161216
2017-03-31 17:45:29.446:INFO:osjsh.ContextHandler:main: Started o.s.j.s.ServletContextHandler@53b32d7{/,null,AVAILABLE}
2017-03-31 17:45:29.508:INFO:osjs.AbstractConnector:main: Started ServerConnector@256cd483{HTTP/1.1,[http/1.1]}{0.0.0.0:4444}
2017-03-31 17:45:29.510:INFO:osjs.Server:main: Started @1473ms
17:45:29.510 INFO - Selenium Server is up and running
17:45:30.337 INFO - SessionCleaner initialized with insideBrowserTimeout 0 and clientGoneTimeout 1800000 polling every 180000
17:45:30.428 INFO - Executing: [new session: Capabilities [{acceptSslCerts=true, name=Busqueda Y Pago, browserName=firefox, javascriptEnabled=true, chromeOptions={args=[start-maximized]}, platform=ANY}]])
17:45:30.482 INFO - Creating a new session for Capabilities [{acceptSslCerts=true, name=Busqueda Y Pago, browserName=firefox, javascriptEnabled=true, chromeOptions={args=[start-maximized]}, platform=ANY}]
1490975131654	geckodriver	INFO	Listening on 127.0.0.1:4182
1490975132110	mozprofile::profile	INFO	Using profile path /tmp/rust_mozprofile.vB7tOZHOrV8Q
1490975132113	geckodriver::marionette	INFO	Starting browser /usr/bin/firefox with args []
1490975132123	geckodriver::marionette	INFO	Connecting to Marionette on localhost:33835
1490975135237	Marionette	INFO	Listening on port 33835
17:45:42.434 INFO - Detected dialect: W3C
17:45:42.639 INFO - Done: [new session: Capabilities [{acceptSslCerts=true, name=Busqueda Y Pago, browserName=firefox, javascriptEnabled=true, chromeOptions={args=[start-maximized]}, platform=ANY}]]
17:45:42.760 INFO - Executing: [get: https://torrent.beroomers.com])
17:45:52.886 INFO - Done: [get: https://torrent.beroomers.com]
17:45:53.005 INFO - Executing: [find elements: By.cssSelector: body])
17:45:53.317 INFO - Done: [find elements: By.cssSelector: body]
17:45:53.334 INFO - Executing: [is displayed: 0 [[FirefoxDriver: firefox on ANY (f2d32d45-5b9d-4120-b0fb-8c55a9f4c702)] -> css selector: body]])
17:45:53.728 INFO - Done: [is displayed: 0 [[FirefoxDriver: firefox on ANY (f2d32d45-5b9d-4120-b0fb-8c55a9f4c702)] -> css selector: body]]
17:45:55.807 INFO - Executing: [find element: By.cssSelector: .SearchPlaceBox-input])
17:45:55.908 INFO - Done: [find element: By.cssSelector: .SearchPlaceBox-input]
17:45:55.929 INFO - Executing: [send keys: 1 [[FirefoxDriver: firefox on ANY (f2d32d45-5b9d-4120-b0fb-8c55a9f4c702)] -> css selector: .SearchPlaceBox-input], [V, a, l, e, n, c, i, a]])
17:45:56.839 INFO - Done: [send keys: 1 [[FirefoxDriver: firefox on ANY (f2d32d45-5b9d-4120-b0fb-8c55a9f4c702)] -> css selector: .SearchPlaceBox-input], [V, a, l, e, n, c, i, a]]
17:45:58.864 INFO - Executing: [find element: By.cssSelector: .SearchPlaceBoxItem--actived])
17:45:58.930 INFO - Done: [find element: By.cssSelector: .SearchPlaceBoxItem--actived]
17:45:58.947 INFO - Executing: [click: 2 [[FirefoxDriver: firefox on ANY (f2d32d45-5b9d-4120-b0fb-8c55a9f4c702)] -> css selector: .SearchPlaceBoxItem--actived]])
17:46:00.705 INFO - Done: [click: 2 [[FirefoxDriver: firefox on ANY (f2d32d45-5b9d-4120-b0fb-8c55a9f4c702)] -> css selector: .SearchPlaceBoxItem--actived]]
17:46:02.727 INFO - Executing: [find element: By.cssSelector: #startDate])
17:46:02.797 INFO - Done: [find element: By.cssSelector: #startDate]
17:46:02.820 INFO - Executing: [send keys: 3 [[FirefoxDriver: firefox on ANY (f2d32d45-5b9d-4120-b0fb-8c55a9f4c702)] -> css selector: #startDate], [0, 1, -, 1, 2, -, 2, 0, 1, 7]])
17:46:05.945 INFO - Done: [send keys: 3 [[FirefoxDriver: firefox on ANY (f2d32d45-5b9d-4120-b0fb-8c55a9f4c702)] -> css selector: #startDate], [0, 1, -, 1, 2, -, 2, 0, 1, 7]]
17:46:07.959 INFO - Executing: [find element: By.cssSelector: #endDate])
17:46:08.006 INFO - Done: [find element: By.cssSelector: #endDate]
17:46:08.024 INFO - Executing: [send keys: 4 [[FirefoxDriver: firefox on ANY (f2d32d45-5b9d-4120-b0fb-8c55a9f4c702)] -> css selector: #endDate], [0, 1, -, 1, 2, -, 2, 0, 1, 8]])
17:46:09.279 INFO - Done: [send keys: 4 [[FirefoxDriver: firefox on ANY (f2d32d45-5b9d-4120-b0fb-8c55a9f4c702)] -> css selector: #endDate], [0, 1, -, 1, 2, -, 2, 0, 1, 8]]
17:46:11.298 INFO - Executing: [find element: By.cssSelector: .SearchBox-button])
17:46:11.339 INFO - Done: [find element: By.cssSelector: .SearchBox-button]
17:46:11.350 INFO - Executing: [click: 5 [[FirefoxDriver: firefox on ANY (f2d32d45-5b9d-4120-b0fb-8c55a9f4c702)] -> css selector: .SearchBox-button]])
17:46:12.015 INFO - Done: [click: 5 [[FirefoxDriver: firefox on ANY (f2d32d45-5b9d-4120-b0fb-8c55a9f4c702)] -> css selector: .SearchBox-button]]
17:46:12.065 INFO - Executing: [find elements: By.cssSelector: .SearchResults])
17:46:12.202 INFO - Done: [find elements: By.cssSelector: .SearchResults]
17:46:12.723 INFO - Executing: [find elements: By.cssSelector: .SearchResults])
17:46:12.991 INFO - Done: [find elements: By.cssSelector: .SearchResults]
17:46:13.512 INFO - Executing: [find elements: By.cssSelector: .SearchResults])
17:46:17.853 INFO - Done: [find elements: By.cssSelector: .SearchResults]
17:46:17.866 INFO - Executing: [is displayed: 6 [[FirefoxDriver: firefox on ANY (f2d32d45-5b9d-4120-b0fb-8c55a9f4c702)] -> css selector: .SearchResults]])
17:46:18.447 INFO - Done: [is displayed: 6 [[FirefoxDriver: firefox on ANY (f2d32d45-5b9d-4120-b0fb-8c55a9f4c702)] -> css selector: .SearchResults]]
17:46:20.505 INFO - Executing: [find element: By.cssSelector: .FilterToolBar-showExtended])
17:46:21.598 INFO - Done: [find element: By.cssSelector: .FilterToolBar-showExtended]
17:46:21.608 INFO - Executing: [click: 7 [[FirefoxDriver: firefox on ANY (f2d32d45-5b9d-4120-b0fb-8c55a9f4c702)] -> css selector: .FilterToolBar-showExtended]])
17:46:22.984 INFO - Done: [click: 7 [[FirefoxDriver: firefox on ANY (f2d32d45-5b9d-4120-b0fb-8c55a9f4c702)] -> css selector: .FilterToolBar-showExtended]]
17:46:25.010 INFO - Executing: [find element: By.cssSelector: .beicon-shared-flat])
17:46:25.037 INFO - Done: [find element: By.cssSelector: .beicon-shared-flat]
17:46:25.047 INFO - Executing: [click: 8 [[FirefoxDriver: firefox on ANY (f2d32d45-5b9d-4120-b0fb-8c55a9f4c702)] -> css selector: .beicon-shared-flat]])
17:46:25.230 INFO - Done: [click: 8 [[FirefoxDriver: firefox on ANY (f2d32d45-5b9d-4120-b0fb-8c55a9f4c702)] -> css selector: .beicon-shared-flat]]
17:46:27.249 INFO - Executing: [find element: By.cssSelector: .WholeApartmentFilter-element--bathrooms .SelectOptionNumber-element:nth-of-type(2)])
17:46:27.278 INFO - Done: [find element: By.cssSelector: .WholeApartmentFilter-element--bathrooms .SelectOptionNumber-element:nth-of-type(2)]
17:46:27.290 INFO - Executing: [click: 9 [[FirefoxDriver: firefox on ANY (f2d32d45-5b9d-4120-b0fb-8c55a9f4c702)] -> css selector: .WholeApartmentFilter-element--bathrooms .SelectOptionNumber-element:nth-of-type(2)]])
17:46:27.426 INFO - Done: [click: 9 [[FirefoxDriver: firefox on ANY (f2d32d45-5b9d-4120-b0fb-8c55a9f4c702)] -> css selector: .WholeApartmentFilter-element--bathrooms .SelectOptionNumber-element:nth-of-type(2)]]
17:46:29.441 INFO - Executing: [find element: By.cssSelector: input[name=washing-machine-check]])
17:46:29.467 INFO - Done: [find element: By.cssSelector: input[name=washing-machine-check]]
17:46:29.476 INFO - Executing: [click: 10 [[FirefoxDriver: firefox on ANY (f2d32d45-5b9d-4120-b0fb-8c55a9f4c702)] -> css selector: input[name=washing-machine-check]]])
17:46:29.619 INFO - Done: [click: 10 [[FirefoxDriver: firefox on ANY (f2d32d45-5b9d-4120-b0fb-8c55a9f4c702)] -> css selector: input[name=washing-machine-check]]]
17:46:31.639 INFO - Executing: [find element: By.cssSelector: input[name=wifi-check]])
17:46:31.698 INFO - Done: [find element: By.cssSelector: input[name=wifi-check]]
17:46:31.706 INFO - Executing: [click: 11 [[FirefoxDriver: firefox on ANY (f2d32d45-5b9d-4120-b0fb-8c55a9f4c702)] -> css selector: input[name=wifi-check]]])
17:46:31.914 INFO - Done: [click: 11 [[FirefoxDriver: firefox on ANY (f2d32d45-5b9d-4120-b0fb-8c55a9f4c702)] -> css selector: input[name=wifi-check]]]
17:46:33.941 INFO - Executing: [find element: By.cssSelector: input[name=tv-check]])
17:46:33.966 INFO - Done: [find element: By.cssSelector: input[name=tv-check]]
17:46:33.976 INFO - Executing: [click: 12 [[FirefoxDriver: firefox on ANY (f2d32d45-5b9d-4120-b0fb-8c55a9f4c702)] -> css selector: input[name=tv-check]]])
17:46:34.162 INFO - Done: [click: 12 [[FirefoxDriver: firefox on ANY (f2d32d45-5b9d-4120-b0fb-8c55a9f4c702)] -> css selector: input[name=tv-check]]]
17:46:36.178 INFO - Executing: [find element: By.cssSelector: .beicon-single-bed])
17:46:36.207 INFO - Done: [find element: By.cssSelector: .beicon-single-bed]
17:46:36.215 INFO - Executing: [click: 13 [[FirefoxDriver: firefox on ANY (f2d32d45-5b9d-4120-b0fb-8c55a9f4c702)] -> css selector: .beicon-single-bed]])
17:46:36.336 INFO - Done: [click: 13 [[FirefoxDriver: firefox on ANY (f2d32d45-5b9d-4120-b0fb-8c55a9f4c702)] -> css selector: .beicon-single-bed]]
17:46:38.351 INFO - Executing: [find element: By.cssSelector: input[name=closet-check]])
17:46:38.373 INFO - Done: [find element: By.cssSelector: input[name=closet-check]]
17:46:38.383 INFO - Executing: [click: 14 [[FirefoxDriver: firefox on ANY (f2d32d45-5b9d-4120-b0fb-8c55a9f4c702)] -> css selector: input[name=closet-check]]])
17:46:39.915 WARN - Exception thrown
org.openqa.selenium.ElementNotVisibleException: 
Build info: version: '3.3.1', revision: '5234b32', time: '2017-03-10 09:04:52 -0800'
System info: host: 'crisBeroomers-PC', ip: '127.0.1.1', os.name: 'Linux', os.arch: 'amd64', os.version: '4.8.0-44-generic', java.version: '1.8.0_121'
Driver info: org.openqa.selenium.firefox.FirefoxDriver
Capabilities [{moz:profile=/tmp/rust_mozprofile.vB7tOZHOrV8Q, rotatable=false, timeouts={implicit=0, page load=300000, script=30000}, pageLoadStrategy=normal, platform=ANY, specificationLevel=0, moz:accessibilityChecks=false, acceptInsecureCerts=false, browserVersion=52.0.1, platformVersion=4.8.0-44-generic, moz:processID=32421, browserName=firefox, platformName=linux}]
Session ID: f2d32d45-5b9d-4120-b0fb-8c55a9f4c702
	at sun.reflect.NativeConstructorAccessorImpl.newInstance0(Native Method)
	at sun.reflect.NativeConstructorAccessorImpl.newInstance(NativeConstructorAccessorImpl.java:62)
	at sun.reflect.DelegatingConstructorAccessorImpl.newInstance(DelegatingConstructorAccessorImpl.java:45)
	at java.lang.reflect.Constructor.newInstance(Constructor.java:423)
	at org.openqa.selenium.remote.http.W3CHttpResponseCodec.createException(W3CHttpResponseCodec.java:133)
	at org.openqa.selenium.remote.http.W3CHttpResponseCodec.decode(W3CHttpResponseCodec.java:99)
	at org.openqa.selenium.remote.http.W3CHttpResponseCodec.decode(W3CHttpResponseCodec.java:43)
	at org.openqa.selenium.remote.HttpCommandExecutor.execute(HttpCommandExecutor.java:163)
	at org.openqa.selenium.remote.service.DriverCommandExecutor.execute(DriverCommandExecutor.java:82)
	at org.openqa.selenium.remote.RemoteWebDriver.execute(RemoteWebDriver.java:604)
	at org.openqa.selenium.remote.RemoteWebElement.execute(RemoteWebElement.java:274)
	at org.openqa.selenium.remote.RemoteWebElement.click(RemoteWebElement.java:84)
	at sun.reflect.GeneratedMethodAccessor7.invoke(Unknown Source)
	at sun.reflect.DelegatingMethodAccessorImpl.invoke(DelegatingMethodAccessorImpl.java:43)
	at java.lang.reflect.Method.invoke(Method.java:498)
	at org.openqa.selenium.support.events.EventFiringWebDriver$EventFiringWebElement$1.invoke(EventFiringWebDriver.java:332)
	at com.sun.proxy.$Proxy5.click(Unknown Source)
	at org.openqa.selenium.support.events.EventFiringWebDriver$EventFiringWebElement.click(EventFiringWebDriver.java:345)
	at sun.reflect.GeneratedMethodAccessor7.invoke(Unknown Source)
	at sun.reflect.DelegatingMethodAccessorImpl.invoke(DelegatingMethodAccessorImpl.java:43)
	at java.lang.reflect.Method.invoke(Method.java:498)
	at org.openqa.selenium.remote.server.KnownElements$1.invoke(KnownElements.java:64)
	at com.sun.proxy.$Proxy6.click(Unknown Source)
	at org.openqa.selenium.remote.server.handler.ClickElement.call(ClickElement.java:30)
	at org.openqa.selenium.remote.server.handler.ClickElement.call(ClickElement.java:22)
	at java.util.concurrent.FutureTask.run(FutureTask.java:266)
	at org.openqa.selenium.remote.server.DefaultSession$1.run(DefaultSession.java:176)
	at java.util.concurrent.ThreadPoolExecutor.runWorker(ThreadPoolExecutor.java:1142)
	at java.util.concurrent.ThreadPoolExecutor$Worker.run(ThreadPoolExecutor.java:617)
	at java.lang.Thread.run(Thread.java:745)
17:46:39.923 WARN - Exception: 
Build info: version: '3.3.1', revision: '5234b32', time: '2017-03-10 09:04:52 -0800'
System info: host: 'crisBeroomers-PC', ip: '127.0.1.1', os.name: 'Linux', os.arch: 'amd64', os.version: '4.8.0-44-generic', java.version: '1.8.0_121'
Driver info: org.openqa.selenium.firefox.FirefoxDriver
Capabilities [{moz:profile=/tmp/rust_mozprofile.vB7tOZHOrV8Q, rotatable=false, timeouts={implicit=0, page load=300000, script=30000}, pageLoadStrategy=normal, platform=ANY, specificationLevel=0, moz:accessibilityChecks=false, acceptInsecureCerts=false, browserVersion=52.0.1, platformVersion=4.8.0-44-generic, moz:processID=32421, browserName=firefox, platformName=linux}]
Session ID: f2d32d45-5b9d-4120-b0fb-8c55a9f4c702
17:46:42.149 INFO - Executing: [find element: By.cssSelector: input[name=heating-check]])
17:46:42.172 INFO - Done: [find element: By.cssSelector: input[name=heating-check]]
17:46:42.186 INFO - Executing: [click: 15 [[FirefoxDriver: firefox on ANY (f2d32d45-5b9d-4120-b0fb-8c55a9f4c702)] -> css selector: input[name=heating-check]]])
17:46:43.322 WARN - Exception thrown
org.openqa.selenium.ElementNotVisibleException: 
Build info: version: '3.3.1', revision: '5234b32', time: '2017-03-10 09:04:52 -0800'
System info: host: 'crisBeroomers-PC', ip: '127.0.1.1', os.name: 'Linux', os.arch: 'amd64', os.version: '4.8.0-44-generic', java.version: '1.8.0_121'
Driver info: org.openqa.selenium.firefox.FirefoxDriver
Capabilities [{moz:profile=/tmp/rust_mozprofile.vB7tOZHOrV8Q, rotatable=false, timeouts={implicit=0, page load=300000, script=30000}, pageLoadStrategy=normal, platform=ANY, specificationLevel=0, moz:accessibilityChecks=false, acceptInsecureCerts=false, browserVersion=52.0.1, platformVersion=4.8.0-44-generic, moz:processID=32421, browserName=firefox, platformName=linux}]
Session ID: f2d32d45-5b9d-4120-b0fb-8c55a9f4c702
	at sun.reflect.NativeConstructorAccessorImpl.newInstance0(Native Method)
	at sun.reflect.NativeConstructorAccessorImpl.newInstance(NativeConstructorAccessorImpl.java:62)
	at sun.reflect.DelegatingConstructorAccessorImpl.newInstance(DelegatingConstructorAccessorImpl.java:45)
	at java.lang.reflect.Constructor.newInstance(Constructor.java:423)
	at org.openqa.selenium.remote.http.W3CHttpResponseCodec.createException(W3CHttpResponseCodec.java:133)
	at org.openqa.selenium.remote.http.W3CHttpResponseCodec.decode(W3CHttpResponseCodec.java:99)
	at org.openqa.selenium.remote.http.W3CHttpResponseCodec.decode(W3CHttpResponseCodec.java:43)
	at org.openqa.selenium.remote.HttpCommandExecutor.execute(HttpCommandExecutor.java:163)
	at org.openqa.selenium.remote.service.DriverCommandExecutor.execute(DriverCommandExecutor.java:82)
	at org.openqa.selenium.remote.RemoteWebDriver.execute(RemoteWebDriver.java:604)
	at org.openqa.selenium.remote.RemoteWebElement.execute(RemoteWebElement.java:274)
	at org.openqa.selenium.remote.RemoteWebElement.click(RemoteWebElement.java:84)
	at sun.reflect.GeneratedMethodAccessor7.invoke(Unknown Source)
	at sun.reflect.DelegatingMethodAccessorImpl.invoke(DelegatingMethodAccessorImpl.java:43)
	at java.lang.reflect.Method.invoke(Method.java:498)
	at org.openqa.selenium.support.events.EventFiringWebDriver$EventFiringWebElement$1.invoke(EventFiringWebDriver.java:332)
	at com.sun.proxy.$Proxy5.click(Unknown Source)
	at org.openqa.selenium.support.events.EventFiringWebDriver$EventFiringWebElement.click(EventFiringWebDriver.java:345)
	at sun.reflect.GeneratedMethodAccessor7.invoke(Unknown Source)
	at sun.reflect.DelegatingMethodAccessorImpl.invoke(DelegatingMethodAccessorImpl.java:43)
	at java.lang.reflect.Method.invoke(Method.java:498)
	at org.openqa.selenium.remote.server.KnownElements$1.invoke(KnownElements.java:64)
	at com.sun.proxy.$Proxy6.click(Unknown Source)
	at org.openqa.selenium.remote.server.handler.ClickElement.call(ClickElement.java:30)
	at org.openqa.selenium.remote.server.handler.ClickElement.call(ClickElement.java:22)
	at java.util.concurrent.FutureTask.run(FutureTask.java:266)
	at org.openqa.selenium.remote.server.DefaultSession$1.run(DefaultSession.java:176)
	at java.util.concurrent.ThreadPoolExecutor.runWorker(ThreadPoolExecutor.java:1142)
	at java.util.concurrent.ThreadPoolExecutor$Worker.run(ThreadPoolExecutor.java:617)
	at java.lang.Thread.run(Thread.java:745)
17:46:43.324 WARN - Exception: 
Build info: version: '3.3.1', revision: '5234b32', time: '2017-03-10 09:04:52 -0800'
System info: host: 'crisBeroomers-PC', ip: '127.0.1.1', os.name: 'Linux', os.arch: 'amd64', os.version: '4.8.0-44-generic', java.version: '1.8.0_121'
Driver info: org.openqa.selenium.firefox.FirefoxDriver
Capabilities [{moz:profile=/tmp/rust_mozprofile.vB7tOZHOrV8Q, rotatable=false, timeouts={implicit=0, page load=300000, script=30000}, pageLoadStrategy=normal, platform=ANY, specificationLevel=0, moz:accessibilityChecks=false, acceptInsecureCerts=false, browserVersion=52.0.1, platformVersion=4.8.0-44-generic, moz:processID=32421, browserName=firefox, platformName=linux}]
Session ID: f2d32d45-5b9d-4120-b0fb-8c55a9f4c702
17:46:45.510 INFO - Executing: [find element: By.cssSelector: .FilterToolBar-apply])
17:46:45.534 INFO - Done: [find element: By.cssSelector: .FilterToolBar-apply]
17:46:45.545 INFO - Executing: [click: 16 [[FirefoxDriver: firefox on ANY (f2d32d45-5b9d-4120-b0fb-8c55a9f4c702)] -> css selector: .FilterToolBar-apply]])
17:46:47.249 INFO - Done: [click: 16 [[FirefoxDriver: firefox on ANY (f2d32d45-5b9d-4120-b0fb-8c55a9f4c702)] -> css selector: .FilterToolBar-apply]]
17:46:49.265 INFO - Executing: [find elements: By.cssSelector: .SearchResults])
17:46:49.562 INFO - Done: [find elements: By.cssSelector: .SearchResults]
17:46:49.588 INFO - Executing: [is displayed: 17 [[FirefoxDriver: firefox on ANY (f2d32d45-5b9d-4120-b0fb-8c55a9f4c702)] -> css selector: .SearchResults]])
17:46:49.856 INFO - Done: [is displayed: 17 [[FirefoxDriver: firefox on ANY (f2d32d45-5b9d-4120-b0fb-8c55a9f4c702)] -> css selector: .SearchResults]]
17:46:51.879 INFO - Executing: [find element: By.cssSelector: .ProductCard:nth-of-type(1)])
17:46:51.902 INFO - Done: [find element: By.cssSelector: .ProductCard:nth-of-type(1)]
17:46:51.912 INFO - Executing: [click: 18 [[FirefoxDriver: firefox on ANY (f2d32d45-5b9d-4120-b0fb-8c55a9f4c702)] -> css selector: .ProductCard:nth-of-type(1)]])
17:46:52.017 INFO - Done: [click: 18 [[FirefoxDriver: firefox on ANY (f2d32d45-5b9d-4120-b0fb-8c55a9f4c702)] -> css selector: .ProductCard:nth-of-type(1)]]
17:46:57.038 INFO - Executing: [get window handles])
17:46:57.103 INFO - Done: [get window handles]
17:46:57.138 INFO - Executing: [switch to window: 2147483656])
17:46:57.172 INFO - Done: [switch to window: 2147483656]
17:46:57.193 INFO - Executing: [find element: By.cssSelector: .BookingForm-actions-bookNow])
17:46:59.950 INFO - Done: [find element: By.cssSelector: .BookingForm-actions-bookNow]
17:46:59.970 INFO - Executing: [click: 19 [[FirefoxDriver: firefox on ANY (f2d32d45-5b9d-4120-b0fb-8c55a9f4c702)] -> css selector: .BookingForm-actions-bookNow]])
17:47:00.593 INFO - Done: [click: 19 [[FirefoxDriver: firefox on ANY (f2d32d45-5b9d-4120-b0fb-8c55a9f4c702)] -> css selector: .BookingForm-actions-bookNow]]
JavaScript error: https://torrent.beroomers.com/bundles/common/assets/view-room-ef5e09f1bf.js, line 6: TypeError: e.srcElement is undefined
17:47:04.620 INFO - Executing: [find elements: By.cssSelector: body])
17:47:04.926 INFO - Done: [find elements: By.cssSelector: body]
17:47:04.938 INFO - Executing: [is displayed: 20 [[FirefoxDriver: firefox on ANY (f2d32d45-5b9d-4120-b0fb-8c55a9f4c702)] -> css selector: body]])
17:47:06.428 WARN - Exception thrown
org.openqa.selenium.StaleElementReferenceException: The element reference is stale. Either the element is no longer attached to the DOM or the page has been refreshed.
For documentation on this error, please visit: http://seleniumhq.org/exceptions/stale_element_reference.html
Build info: version: '3.3.1', revision: '5234b32', time: '2017-03-10 09:04:52 -0800'
System info: host: 'crisBeroomers-PC', ip: '127.0.1.1', os.name: 'Linux', os.arch: 'amd64', os.version: '4.8.0-44-generic', java.version: '1.8.0_121'
Driver info: org.openqa.selenium.firefox.FirefoxDriver
Capabilities [{moz:profile=/tmp/rust_mozprofile.vB7tOZHOrV8Q, rotatable=false, timeouts={implicit=0, page load=300000, script=30000}, pageLoadStrategy=normal, platform=ANY, specificationLevel=0, moz:accessibilityChecks=false, acceptInsecureCerts=false, browserVersion=52.0.1, platformVersion=4.8.0-44-generic, moz:processID=32421, browserName=firefox, platformName=linux}]
Session ID: f2d32d45-5b9d-4120-b0fb-8c55a9f4c702
	at sun.reflect.NativeConstructorAccessorImpl.newInstance0(Native Method)
	at sun.reflect.NativeConstructorAccessorImpl.newInstance(NativeConstructorAccessorImpl.java:62)
	at sun.reflect.DelegatingConstructorAccessorImpl.newInstance(DelegatingConstructorAccessorImpl.java:45)
	at java.lang.reflect.Constructor.newInstance(Constructor.java:423)
	at org.openqa.selenium.remote.http.W3CHttpResponseCodec.createException(W3CHttpResponseCodec.java:133)
	at org.openqa.selenium.remote.http.W3CHttpResponseCodec.decode(W3CHttpResponseCodec.java:99)
	at org.openqa.selenium.remote.http.W3CHttpResponseCodec.decode(W3CHttpResponseCodec.java:43)
	at org.openqa.selenium.remote.HttpCommandExecutor.execute(HttpCommandExecutor.java:163)
	at org.openqa.selenium.remote.service.DriverCommandExecutor.execute(DriverCommandExecutor.java:82)
	at org.openqa.selenium.remote.RemoteWebDriver.execute(RemoteWebDriver.java:604)
	at org.openqa.selenium.remote.RemoteWebElement.execute(RemoteWebElement.java:274)
	at org.openqa.selenium.remote.RemoteWebElement.isDisplayed(RemoteWebElement.java:315)
	at sun.reflect.NativeMethodAccessorImpl.invoke0(Native Method)
	at sun.reflect.NativeMethodAccessorImpl.invoke(NativeMethodAccessorImpl.java:62)
	at sun.reflect.DelegatingMethodAccessorImpl.invoke(DelegatingMethodAccessorImpl.java:43)
	at java.lang.reflect.Method.invoke(Method.java:498)
	at org.openqa.selenium.support.events.EventFiringWebDriver$EventFiringWebElement$1.invoke(EventFiringWebDriver.java:332)
	at com.sun.proxy.$Proxy5.isDisplayed(Unknown Source)
	at org.openqa.selenium.support.events.EventFiringWebDriver$EventFiringWebElement.isDisplayed(EventFiringWebDriver.java:386)
	at sun.reflect.NativeMethodAccessorImpl.invoke0(Native Method)
	at sun.reflect.NativeMethodAccessorImpl.invoke(NativeMethodAccessorImpl.java:62)
	at sun.reflect.DelegatingMethodAccessorImpl.invoke(DelegatingMethodAccessorImpl.java:43)
	at java.lang.reflect.Method.invoke(Method.java:498)
	at org.openqa.selenium.remote.server.KnownElements$1.invoke(KnownElements.java:64)
	at com.sun.proxy.$Proxy6.isDisplayed(Unknown Source)
	at org.openqa.selenium.remote.server.handler.GetElementDisplayed.call(GetElementDisplayed.java:32)
	at org.openqa.selenium.remote.server.handler.GetElementDisplayed.call(GetElementDisplayed.java:23)
	at java.util.concurrent.FutureTask.run(FutureTask.java:266)
	at org.openqa.selenium.remote.server.DefaultSession$1.run(DefaultSession.java:176)
	at java.util.concurrent.ThreadPoolExecutor.runWorker(ThreadPoolExecutor.java:1142)
	at java.util.concurrent.ThreadPoolExecutor$Worker.run(ThreadPoolExecutor.java:617)
	at java.lang.Thread.run(Thread.java:745)
17:47:06.430 WARN - Exception: The element reference is stale. Either the element is no longer attached to the DOM or the page has been refreshed.
For documentation on this error, please visit: http://seleniumhq.org/exceptions/stale_element_reference.html
Build info: version: '3.3.1', revision: '5234b32', time: '2017-03-10 09:04:52 -0800'
System info: host: 'crisBeroomers-PC', ip: '127.0.1.1', os.name: 'Linux', os.arch: 'amd64', os.version: '4.8.0-44-generic', java.version: '1.8.0_121'
Driver info: org.openqa.selenium.firefox.FirefoxDriver
Capabilities [{moz:profile=/tmp/rust_mozprofile.vB7tOZHOrV8Q, rotatable=false, timeouts={implicit=0, page load=300000, script=30000}, pageLoadStrategy=normal, platform=ANY, specificationLevel=0, moz:accessibilityChecks=false, acceptInsecureCerts=false, browserVersion=52.0.1, platformVersion=4.8.0-44-generic, moz:processID=32421, browserName=firefox, platformName=linux}]
Session ID: f2d32d45-5b9d-4120-b0fb-8c55a9f4c702
17:47:07.387 INFO - Executing: [find elements: By.cssSelector: body])
17:47:08.414 INFO - Done: [find elements: By.cssSelector: body]
17:47:08.437 INFO - Executing: [is displayed: 21 [[FirefoxDriver: firefox on ANY (f2d32d45-5b9d-4120-b0fb-8c55a9f4c702)] -> css selector: body]])
17:47:08.881 INFO - Done: [is displayed: 21 [[FirefoxDriver: firefox on ANY (f2d32d45-5b9d-4120-b0fb-8c55a9f4c702)] -> css selector: body]]
17:47:10.917 INFO - Executing: [find element: By.cssSelector: .login-button])
17:47:10.986 INFO - Done: [find element: By.cssSelector: .login-button]
17:47:10.997 INFO - Executing: [click: 22 [[FirefoxDriver: firefox on ANY (f2d32d45-5b9d-4120-b0fb-8c55a9f4c702)] -> css selector: .login-button]])
17:47:11.262 INFO - Done: [click: 22 [[FirefoxDriver: firefox on ANY (f2d32d45-5b9d-4120-b0fb-8c55a9f4c702)] -> css selector: .login-button]]
17:47:14.284 INFO - Executing: [find element: By.cssSelector: #loginUserNameId])
17:47:14.309 INFO - Done: [find element: By.cssSelector: #loginUserNameId]
17:47:14.322 INFO - Executing: [send keys: 23 [[FirefoxDriver: firefox on ANY (f2d32d45-5b9d-4120-b0fb-8c55a9f4c702)] -> css selector: #loginUserNameId], [s, c, o, t, t, r, y, d, e, r, @, a, n, d, r, o, m, e, d, a, ., c, o, m]])
17:47:14.853 INFO - Done: [send keys: 23 [[FirefoxDriver: firefox on ANY (f2d32d45-5b9d-4120-b0fb-8c55a9f4c702)] -> css selector: #loginUserNameId], [s, c, o, t, t, r, y, d, e, r, @, a, n, d, r, o, m, e, d, a, ., c, o, m]]
17:47:17.871 INFO - Executing: [find element: By.cssSelector: #loginPasswordId])
17:47:17.894 INFO - Done: [find element: By.cssSelector: #loginPasswordId]
17:47:17.910 INFO - Executing: [send keys: 24 [[FirefoxDriver: firefox on ANY (f2d32d45-5b9d-4120-b0fb-8c55a9f4c702)] -> css selector: #loginPasswordId], [s, c, o, t, t, r, y, d, e, r]])
17:47:18.179 INFO - Done: [send keys: 24 [[FirefoxDriver: firefox on ANY (f2d32d45-5b9d-4120-b0fb-8c55a9f4c702)] -> css selector: #loginPasswordId], [s, c, o, t, t, r, y, d, e, r]]
17:47:21.196 INFO - Executing: [find element: By.cssSelector: .Login-buttonLogin])
17:47:21.242 INFO - Done: [find element: By.cssSelector: .Login-buttonLogin]
17:47:21.251 INFO - Executing: [click: 25 [[FirefoxDriver: firefox on ANY (f2d32d45-5b9d-4120-b0fb-8c55a9f4c702)] -> css selector: .Login-buttonLogin]])
17:47:21.436 INFO - Done: [click: 25 [[FirefoxDriver: firefox on ANY (f2d32d45-5b9d-4120-b0fb-8c55a9f4c702)] -> css selector: .Login-buttonLogin]]
17:47:24.455 INFO - Executing: [find elements: By.cssSelector: #payment-form])
17:47:24.674 INFO - Done: [find elements: By.cssSelector: #payment-form]
17:47:25.190 INFO - Executing: [find elements: By.cssSelector: #payment-form])
17:47:25.835 INFO - Done: [find elements: By.cssSelector: #payment-form]
17:47:28.851 INFO - Executing: [find element: By.cssSelector: #payment_number])
17:47:28.878 INFO - Done: [find element: By.cssSelector: #payment_number]
17:47:28.890 INFO - Executing: [send keys: 27 [[FirefoxDriver: firefox on ANY (f2d32d45-5b9d-4120-b0fb-8c55a9f4c702)] -> css selector: #payment_number], [4, 2, 4, 2, 4, 2, 4, 2, 4, 2, 4, 2, 4, 2, 4, 2, 4, 2, 4, 2]])
17:47:29.215 INFO - Done: [send keys: 27 [[FirefoxDriver: firefox on ANY (f2d32d45-5b9d-4120-b0fb-8c55a9f4c702)] -> css selector: #payment_number], [4, 2, 4, 2, 4, 2, 4, 2, 4, 2, 4, 2, 4, 2, 4, 2, 4, 2, 4, 2]]
17:47:32.227 INFO - Executing: [find element: By.cssSelector: #payment_expirationMonth option[value="6"]])
17:47:32.295 INFO - Done: [find element: By.cssSelector: #payment_expirationMonth option[value="6"]]
17:47:32.309 INFO - Executing: [click: 28 [[FirefoxDriver: firefox on ANY (f2d32d45-5b9d-4120-b0fb-8c55a9f4c702)] -> css selector: #payment_expirationMonth option[value="6"]]])
17:47:32.486 INFO - Done: [click: 28 [[FirefoxDriver: firefox on ANY (f2d32d45-5b9d-4120-b0fb-8c55a9f4c702)] -> css selector: #payment_expirationMonth option[value="6"]]]
17:47:35.508 INFO - Executing: [find element: By.cssSelector: #payment_expirationYear option[value="2020"]])
17:47:35.536 INFO - Done: [find element: By.cssSelector: #payment_expirationYear option[value="2020"]]
17:47:35.545 INFO - Executing: [click: 29 [[FirefoxDriver: firefox on ANY (f2d32d45-5b9d-4120-b0fb-8c55a9f4c702)] -> css selector: #payment_expirationYear option[value="2020"]]])
17:47:35.684 INFO - Done: [click: 29 [[FirefoxDriver: firefox on ANY (f2d32d45-5b9d-4120-b0fb-8c55a9f4c702)] -> css selector: #payment_expirationYear option[value="2020"]]]
17:47:38.698 INFO - Executing: [find element: By.cssSelector: #payment_cvc])
17:47:38.721 INFO - Done: [find element: By.cssSelector: #payment_cvc]
17:47:38.732 INFO - Executing: [send keys: 30 [[FirefoxDriver: firefox on ANY (f2d32d45-5b9d-4120-b0fb-8c55a9f4c702)] -> css selector: #payment_cvc], [6, 7, 8]])
17:47:38.907 INFO - Done: [send keys: 30 [[FirefoxDriver: firefox on ANY (f2d32d45-5b9d-4120-b0fb-8c55a9f4c702)] -> css selector: #payment_cvc], [6, 7, 8]]
17:47:41.924 INFO - Executing: [find element: By.cssSelector: button#payment_save])
17:47:41.945 INFO - Done: [find element: By.cssSelector: button#payment_save]
17:47:41.953 INFO - Executing: [click: 31 [[FirefoxDriver: firefox on ANY (f2d32d45-5b9d-4120-b0fb-8c55a9f4c702)] -> css selector: button#payment_save]])
17:47:42.100 INFO - Done: [click: 31 [[FirefoxDriver: firefox on ANY (f2d32d45-5b9d-4120-b0fb-8c55a9f4c702)] -> css selector: button#payment_save]]
17:47:45.115 INFO - Executing: [find elements: By.cssSelector: #payment-form])
17:47:45.141 INFO - Done: [find elements: By.cssSelector: #payment-form]
17:47:45.655 INFO - Executing: [find elements: By.cssSelector: #payment-form])
17:47:45.676 INFO - Done: [find elements: By.cssSelector: #payment-form]
17:47:46.190 INFO - Executing: [find elements: By.cssSelector: #payment-form])
17:47:46.249 INFO - Done: [find elements: By.cssSelector: #payment-form]
17:47:46.763 INFO - Executing: [find elements: By.cssSelector: #payment-form])
17:47:46.784 INFO - Done: [find elements: By.cssSelector: #payment-form]
17:47:47.295 INFO - Executing: [find elements: By.cssSelector: #payment-form])
17:47:47.321 INFO - Done: [find elements: By.cssSelector: #payment-form]
17:47:47.833 INFO - Executing: [find elements: By.cssSelector: #payment-form])
17:47:47.855 INFO - Done: [find elements: By.cssSelector: #payment-form]
17:47:48.370 INFO - Executing: [find elements: By.cssSelector: #payment-form])
17:47:48.400 INFO - Done: [find elements: By.cssSelector: #payment-form]
17:47:48.914 INFO - Executing: [find elements: By.cssSelector: #payment-form])
17:47:48.934 INFO - Done: [find elements: By.cssSelector: #payment-form]
17:47:49.461 INFO - Executing: [find elements: By.cssSelector: #payment-form])
17:47:49.750 INFO - Done: [find elements: By.cssSelector: #payment-form]
17:47:52.766 INFO - Executing: [delete session: 27c28ac8-988d-4a1c-8c2e-d7a8bfb25864])
1490975272776	Marionette	INFO	New connections will no longer be accepted
[Child 32482] WARNING: pipe error (30): Conexi칩n reinicializada por la m치quina remota: file /build/firefox-ZWwcnj/firefox-52.0.1+build2/ipc/chromium/src/chrome/common/ipc_channel_posix.cc, line 322
[Child 32482] WARNING: pipe error (3): Conexi칩n reinicializada por la m치quina remota: file /build/firefox-ZWwcnj/firefox-52.0.1+build2/ipc/chromium/src/chrome/common/ipc_channel_posix.cc, line 322
[Child 32482] ###!!! ABORT: Aborting on channel error.: file /build/firefox-ZWwcnj/firefox-52.0.1+build2/ipc/glue/MessageChannel.cpp, line 2143
[Child 32482] ###!!! ABORT: Aborting on channel error.: file /build/firefox-ZWwcnj/firefox-52.0.1+build2/ipc/glue/MessageChannel.cpp, line 2143
17:47:53.595 INFO - Done: [delete session: 27c28ac8-988d-4a1c-8c2e-d7a8bfb25864]
